<?xml version="1.0" encoding="UTF-8"?>
<robot generator="Robot 4.0 (Python 3.8.2 on win32)" generated="20210320 22:34:26.245" rpa="false" schemaversion="2">
<suite id="s1" name="TC033 HeadLessBrowserTest" source="C:\Users\Sarjerao Sandbhor\PycharmProjects\RobotFramework_PythonProject\TestCases\TC033_HeadLessBrowserTest.robot">
<test id="s1-t1" name="Login Test With Headless Browser">
<kw name="Open Browser" library="SeleniumLibrary">
<arg>${url}</arg>
<arg>${browser}</arg>
<doc>Opens a new browser instance to the optional ``url``.</doc>
<msg timestamp="20210320 22:34:29.011" level="INFO">Opening browser 'headlesschrome' to base url 'https://www.nopcommerce.com/en/login?returnurl=%2Fen%2Fdemo'.</msg>
<status status="PASS" starttime="20210320 22:34:29.008" endtime="20210320 22:34:44.675"/>
</kw>
<kw name="Input Text" library="SeleniumLibrary">
<arg>id:Username</arg>
<arg>${Username}</arg>
<doc>Types the given ``text`` into the text field identified by ``locator``.</doc>
<msg timestamp="20210320 22:34:44.683" level="INFO">Typing text 'patilmaheshs1985@gmail.com' into text field 'id:Username'.</msg>
<status status="PASS" starttime="20210320 22:34:44.680" endtime="20210320 22:34:46.119"/>
</kw>
<kw name="Input Text" library="SeleniumLibrary">
<arg>id:Password</arg>
<arg>${Password}</arg>
<doc>Types the given ``text`` into the text field identified by ``locator``.</doc>
<msg timestamp="20210320 22:34:46.132" level="INFO">Typing text 'MaheshPatilS1985' into text field 'id:Password'.</msg>
<status status="PASS" starttime="20210320 22:34:46.129" endtime="20210320 22:34:47.145"/>
</kw>
<kw name="Click Element" library="SeleniumLibrary">
<arg>xpath://input[@value='Log in']</arg>
<doc>Click the element identified by ``locator``.</doc>
<msg timestamp="20210320 22:34:47.149" level="INFO">Clicking element 'xpath://input[@value='Log in']'.</msg>
<status status="PASS" starttime="20210320 22:34:47.147" endtime="20210320 22:34:54.715"/>
</kw>
<kw name="Page Should Contain" library="SeleniumLibrary">
<arg>Store Demo</arg>
<doc>Verifies that current page contains ``text``.</doc>
<msg timestamp="20210320 22:34:55.007" level="INFO">Current page contains text 'Store Demo'.</msg>
<status status="PASS" starttime="20210320 22:34:54.718" endtime="20210320 22:34:55.008"/>
</kw>
<kw name="Close Browser" library="SeleniumLibrary">
<doc>Closes the current browser.</doc>
<status status="PASS" starttime="20210320 22:34:55.030" endtime="20210320 22:34:58.589"/>
</kw>
<status status="PASS" starttime="20210320 22:34:28.950" endtime="20210320 22:34:58.593"/>
</test>
<status status="PASS" starttime="20210320 22:34:26.261" endtime="20210320 22:34:58.605"/>
</suite>
<statistics>
<total>
<stat pass="1" fail="0" skip="0">All Tests</stat>
</total>
<tag>
</tag>
<suite>
<stat pass="1" fail="0" skip="0" id="s1" name="TC033 HeadLessBrowserTest">TC033 HeadLessBrowserTest</stat>
</suite>
</statistics>
<errors>
</errors>
</robot>
