<?xml version="1.0" encoding="UTF-8"?>
<robot generator="Robot 4.0 (Python 3.8.2 on win32)" generated="20210313 19:07:28.303" rpa="false" schemaversion="2">
<suite id="s1" name="TC07 CheckBoxValidation" source="C:\Users\Sarjerao Sandbhor\PycharmProjects\RobotFramework_PythonProject\TestCases\TC07_CheckBoxValidation.robot">
<test id="s1-t1" name="RadioButtonValidation">
<kw name="Open Browser" library="SeleniumLibrary">
<arg>http://www.practiceselenium.com/practice-form.html</arg>
<arg>chrome</arg>
<doc>Opens a new browser instance to the optional ``url``.</doc>
<msg timestamp="20210313 19:07:30.223" level="INFO">Opening browser 'chrome' to base url 'http://www.practiceselenium.com/practice-form.html'.</msg>
<status status="PASS" starttime="20210313 19:07:30.221" endtime="20210313 19:07:53.234"/>
</kw>
<kw name="Maximize Browser Window" library="SeleniumLibrary">
<doc>Maximizes current browser window.</doc>
<status status="PASS" starttime="20210313 19:07:53.244" endtime="20210313 19:07:53.815"/>
</kw>
<kw name="Checkbox Should Not Be Selected" library="SeleniumLibrary">
<arg>BlackTea</arg>
<doc>Verifies checkbox ``locator`` is not selected/checked.</doc>
<msg timestamp="20210313 19:07:53.819" level="INFO">Verifying checkbox 'BlackTea' is not selected.</msg>
<status status="PASS" starttime="20210313 19:07:53.817" endtime="20210313 19:07:54.007"/>
</kw>
<kw name="Select Checkbox" library="SeleniumLibrary">
<arg>BlackTea</arg>
<doc>Selects the checkbox identified by ``locator``.</doc>
<msg timestamp="20210313 19:07:54.010" level="INFO">Selecting checkbox 'BlackTea'.</msg>
<status status="PASS" starttime="20210313 19:07:54.009" endtime="20210313 19:07:54.366"/>
</kw>
<kw name="Select Checkbox" library="SeleniumLibrary">
<arg>id:tool-0</arg>
<doc>Selects the checkbox identified by ``locator``.</doc>
<msg timestamp="20210313 19:07:54.371" level="INFO">Selecting checkbox 'id:tool-0'.</msg>
<status status="PASS" starttime="20210313 19:07:54.369" endtime="20210313 19:07:54.824"/>
</kw>
<kw name="Sleep" library="BuiltIn">
<arg>5</arg>
<doc>Pauses the test executed for the given time.</doc>
<msg timestamp="20210313 19:07:59.831" level="INFO">Slept 5 seconds</msg>
<status status="PASS" starttime="20210313 19:07:54.829" endtime="20210313 19:07:59.832"/>
</kw>
<kw name="Close Browser" library="SeleniumLibrary">
<doc>Closes the current browser.</doc>
<status status="PASS" starttime="20210313 19:07:59.845" endtime="20210313 19:08:10.445"/>
</kw>
<status status="PASS" starttime="20210313 19:07:30.216" endtime="20210313 19:08:10.448"/>
</test>
<status status="PASS" starttime="20210313 19:07:28.317" endtime="20210313 19:08:10.463"/>
</suite>
<statistics>
<total>
<stat pass="1" fail="0" skip="0">All Tests</stat>
</total>
<tag>
</tag>
<suite>
<stat pass="1" fail="0" skip="0" id="s1" name="TC07 CheckBoxValidation">TC07 CheckBoxValidation</stat>
</suite>
</statistics>
<errors>
</errors>
</robot>
